[debug] [2020-08-27T08:26:31.637Z] ----------------------------------------------------------------------
[debug] [2020-08-27T08:26:31.639Z] Command:       C:\Program Files\nodejs\node.exe C:\Users\luise\AppData\Roaming\npm\node_modules\firebase-tools\lib\bin\firebase.js deploy
[debug] [2020-08-27T08:26:31.640Z] CLI Version:   8.7.0
[debug] [2020-08-27T08:26:31.640Z] Platform:      win32
[debug] [2020-08-27T08:26:31.640Z] Node Version:  v12.18.2
[debug] [2020-08-27T08:26:31.642Z] Time:          Thu Aug 27 2020 03:26:31 GMT-0500 (Central Daylight Time)
[debug] [2020-08-27T08:26:31.642Z] ----------------------------------------------------------------------
[debug] [2020-08-27T08:26:31.642Z] 
[debug] [2020-08-27T08:26:31.667Z] > command requires scopes: ["email","openid","https://www.googleapis.com/auth/cloudplatformprojects.readonly","https://www.googleapis.com/auth/firebase","https://www.googleapis.com/auth/cloud-platform"]
[debug] [2020-08-27T08:26:31.668Z] > authorizing via signed-in user
[debug] [2020-08-27T08:26:31.669Z] [iam] checking project infocenter-web-page for permissions ["firebase.projects.get","firebasehosting.sites.update"]
[debug] [2020-08-27T08:26:31.672Z] > refreshing access token with scopes: ["email","https://www.googleapis.com/auth/cloud-platform","https://www.googleapis.com/auth/cloudplatformprojects.readonly","https://www.googleapis.com/auth/firebase","openid"]
[debug] [2020-08-27T08:26:31.673Z] >>> HTTP REQUEST POST https://www.googleapis.com/oauth2/v3/token  
 <request body omitted>
[debug] [2020-08-27T08:26:31.911Z] <<< HTTP RESPONSE 200 {"content-type":"application/json; charset=utf-8","vary":"X-Origin, Referer, Origin,Accept-Encoding","date":"Thu, 27 Aug 2020 08:26:32 GMT","server":"scaffolding on HTTPServer2","cache-control":"private","x-xss-protection":"0","x-frame-options":"SAMEORIGIN","x-content-type-options":"nosniff","alt-svc":"h3-29=\":443\"; ma=2592000,h3-27=\":443\"; ma=2592000,h3-T051=\":443\"; ma=2592000,h3-T050=\":443\"; ma=2592000,h3-Q050=\":443\"; ma=2592000,h3-Q046=\":443\"; ma=2592000,h3-Q043=\":443\"; ma=2592000,quic=\":443\"; ma=2592000; v=\"46,43\"","accept-ranges":"none","transfer-encoding":"chunked"}
[debug] [2020-08-27T08:26:31.924Z] >>> HTTP REQUEST POST https://cloudresourcemanager.googleapis.com/v1/projects/infocenter-web-page:testIamPermissions  
 {"permissions":["firebase.projects.get","firebasehosting.sites.update"]}
[debug] [2020-08-27T08:26:32.392Z] <<< HTTP RESPONSE 200 {"content-type":"application/json; charset=UTF-8","vary":"X-Origin, Referer, Origin,Accept-Encoding","date":"Thu, 27 Aug 2020 08:26:32 GMT","server":"ESF","cache-control":"private","x-xss-protection":"0","x-frame-options":"SAMEORIGIN","x-content-type-options":"nosniff","server-timing":"gfet4t7; dur=255","alt-svc":"h3-29=\":443\"; ma=2592000,h3-27=\":443\"; ma=2592000,h3-T050=\":443\"; ma=2592000,h3-Q050=\":443\"; ma=2592000,h3-Q046=\":443\"; ma=2592000,h3-Q043=\":443\"; ma=2592000,quic=\":443\"; ma=2592000; v=\"46,43\"","accept-ranges":"none","transfer-encoding":"chunked"}
[debug] [2020-08-27T08:26:32.398Z] >>> HTTP REQUEST GET https://firebase.googleapis.com/v1beta1/projects/infocenter-web-page  
 
[debug] [2020-08-27T08:26:32.824Z] <<< HTTP RESPONSE 200 {"content-type":"application/json; charset=UTF-8","vary":"X-Origin, Referer, Origin,Accept-Encoding","date":"Thu, 27 Aug 2020 08:26:33 GMT","server":"ESF","cache-control":"private","x-xss-protection":"0","x-frame-options":"SAMEORIGIN","x-content-type-options":"nosniff","alt-svc":"h3-29=\":443\"; ma=2592000,h3-27=\":443\"; ma=2592000,h3-T051=\":443\"; ma=2592000,h3-T050=\":443\"; ma=2592000,h3-Q050=\":443\"; ma=2592000,h3-Q046=\":443\"; ma=2592000,h3-Q043=\":443\"; ma=2592000,quic=\":443\"; ma=2592000; v=\"46,43\"","accept-ranges":"none","transfer-encoding":"chunked"}
[info] 
[info] === Deploying to 'infocenter-web-page'...
[info] 
[info] i  deploying hosting 
[debug] [2020-08-27T08:26:32.833Z] >>> HTTP REQUEST POST https://firebasehosting.googleapis.com/v1beta1/sites/infocenter-web-page/versions  
 {"config":{"rewrites":[{"glob":"/ifconline","path":"/index.html"}]},"labels":{"deployment-tool":"cli-firebase"}}
[debug] [2020-08-27T08:26:34.223Z] <<< HTTP RESPONSE 200 {"content-type":"application/json; charset=UTF-8","vary":"X-Origin, Referer, Origin,Accept-Encoding","date":"Thu, 27 Aug 2020 08:26:34 GMT","server":"ESF","cache-control":"private","x-xss-protection":"0","x-frame-options":"SAMEORIGIN","x-content-type-options":"nosniff","alt-svc":"h3-29=\":443\"; ma=2592000,h3-27=\":443\"; ma=2592000,h3-T051=\":443\"; ma=2592000,h3-T050=\":443\"; ma=2592000,h3-Q050=\":443\"; ma=2592000,h3-Q046=\":443\"; ma=2592000,h3-Q043=\":443\"; ma=2592000,quic=\":443\"; ma=2592000; v=\"46,43\"","accept-ranges":"none","transfer-encoding":"chunked"}
[info] i  hosting[infocenter-web-page]: beginning deploy... 
[info] i  hosting[infocenter-web-page]: found 57 files in build 
[debug] [2020-08-27T08:26:35.153Z] [hosting] hash cache [YnVpbGQ] stored for 57 files
[debug] [2020-08-27T08:26:35.154Z] [hosting][hash queue][FINAL] {"max":867,"min":15,"avg":165.26315789473685,"active":0,"complete":57,"success":57,"errored":0,"retried":0,"total":57,"elapsed":889}
[debug] [2020-08-27T08:26:35.154Z] >>> HTTP REQUEST POST https://firebasehosting.googleapis.com/v1beta1/sites/infocenter-web-page/versions/70c1f17dc8cc51e1:populateFiles  
 <request body omitted>
[debug] [2020-08-27T08:26:35.593Z] <<< HTTP RESPONSE 200 {"content-type":"application/json; charset=UTF-8","vary":"X-Origin, Referer, Origin,Accept-Encoding","date":"Thu, 27 Aug 2020 08:26:35 GMT","server":"ESF","cache-control":"private","x-xss-protection":"0","x-frame-options":"SAMEORIGIN","x-content-type-options":"nosniff","alt-svc":"h3-29=\":443\"; ma=2592000,h3-27=\":443\"; ma=2592000,h3-T051=\":443\"; ma=2592000,h3-T050=\":443\"; ma=2592000,h3-Q050=\":443\"; ma=2592000,h3-Q046=\":443\"; ma=2592000,h3-Q043=\":443\"; ma=2592000,quic=\":443\"; ma=2592000; v=\"46,43\"","accept-ranges":"none","transfer-encoding":"chunked"}
[debug] [2020-08-27T08:26:35.606Z] [hosting][populate queue][FINAL] {"max":444,"min":444,"avg":444,"active":0,"complete":1,"success":1,"errored":0,"retried":0,"total":1,"elapsed":455}
[debug] [2020-08-27T08:26:35.606Z] [hosting] uploads queued: 25
